Build started 2019/3/14 下午 03:20:54.
     1>Project "C:\Users\cxl\Documents\Visual Studio 2013\Projects\Image_Quilting\Image_Quilting\Image_Quilting.vcxproj" on node 2 (Build target(s)).
     1>ClCompile:
         C:\Program Files (x86)\Microsoft Visual Studio 12.0\VC\bin\CL.exe /c /I..\include /ZI /nologo /W3 /WX- /Od /Oy- /D WIN32 /D _DEBUG /D _CONSOLE /D _LIB /D _UNICODE /D UNICODE /Gm /EHsc /RTC1 /MDd /GS /fp:precise /Zc:wchar_t /Zc:forScope /Fo"Debug\\" /Fd"Debug\vc120.pdb" /Gd /TP /analyze- /errorReport:prompt Source.cpp
         Source.cpp
     1>c:\users\cxl\documents\visual studio 2013\projects\image_quilting\image_quilting\distance.h(21): warning C4305: 'initializing' : truncation from 'double' to 'float'
     1>c:\users\cxl\documents\visual studio 2013\projects\image_quilting\image_quilting\distance.h(35): warning C4305: 'initializing' : truncation from 'int' to 'float'
     1>c:\users\cxl\documents\visual studio 2013\projects\image_quilting\image_quilting\distance.h(68): warning C4305: 'initializing' : truncation from 'int' to 'float'
     1>c:\users\cxl\documents\visual studio 2013\projects\image_quilting\image_quilting\distance.h(111): warning C4305: 'initializing' : truncation from 'int' to 'float'
     1>c:\users\cxl\documents\visual studio 2013\projects\image_quilting\image_quilting\distance.h(141): warning C4018: '<' : signed/unsigned mismatch
     1>c:\users\cxl\documents\visual studio 2013\projects\image_quilting\image_quilting\distance.h(149): warning C4244: 'argument' : conversion from 'time_t' to 'unsigned int', possible loss of data
     1>c:\users\cxl\documents\visual studio 2013\projects\image_quilting\image_quilting\distance.h(160): warning C4305: 'initializing' : truncation from 'int' to 'float'
     1>c:\users\cxl\documents\visual studio 2013\projects\image_quilting\image_quilting\distance.h(203): warning C4018: '<' : signed/unsigned mismatch
     1>c:\users\cxl\documents\visual studio 2013\projects\image_quilting\image_quilting\distance.h(211): warning C4244: 'argument' : conversion from 'time_t' to 'unsigned int', possible loss of data
     1>c:\users\cxl\documents\visual studio 2013\projects\image_quilting\image_quilting\distance.h(222): warning C4305: 'initializing' : truncation from 'int' to 'float'
     1>c:\users\cxl\documents\visual studio 2013\projects\image_quilting\image_quilting\distance.h(275): warning C4018: '<' : signed/unsigned mismatch
     1>c:\users\cxl\documents\visual studio 2013\projects\image_quilting\image_quilting\distance.h(283): warning C4244: 'argument' : conversion from 'time_t' to 'unsigned int', possible loss of data
     1>c:\users\cxl\documents\visual studio 2013\projects\image_quilting\image_quilting\boundarycut.h(45): warning C4244: '=' : conversion from 'double' to 'uchar', possible loss of data
     1>c:\users\cxl\documents\visual studio 2013\projects\image_quilting\image_quilting\boundarycut.h(141): warning C4244: '=' : conversion from 'double' to 'uchar', possible loss of data
     1>c:\users\cxl\documents\visual studio 2013\projects\image_quilting\image_quilting\source.cpp(60): warning C4244: '=' : conversion from 'double' to 'int', possible loss of data
     1>c:\users\cxl\documents\visual studio 2013\projects\image_quilting\image_quilting\source.cpp(87): warning C4305: '=' : truncation from 'double' to 'float'
     1>c:\users\cxl\documents\visual studio 2013\projects\image_quilting\image_quilting\source.cpp(89): warning C4244: '=' : conversion from 'double' to 'float', possible loss of data
     1>c:\users\cxl\documents\visual studio 2013\projects\image_quilting\image_quilting\source.cpp(215): warning C4244: 'argument' : conversion from 'time_t' to 'unsigned int', possible loss of data
     1>c:\users\cxl\documents\visual studio 2013\projects\image_quilting\image_quilting\source.cpp(294): warning C4018: '<' : signed/unsigned mismatch
     1>c:\users\cxl\documents\visual studio 2013\projects\image_quilting\image_quilting\source.cpp(536): warning C4018: '<' : signed/unsigned mismatch
       Link:
         C:\Program Files (x86)\Microsoft Visual Studio 12.0\VC\bin\link.exe /ERRORREPORT:PROMPT /OUT:"C:\Users\cxl\Documents\Visual Studio 2013\Projects\Image_Quilting\Debug\Image_Quilting.exe" /INCREMENTAL /NOLOGO opencv_calib3d2411d.lib opencv_contrib2411d.lib opencv_core2411d.lib opencv_features2d2411d.lib opencv_flann2411d.lib opencv_gpu2411d.lib opencv_highgui2411d.lib opencv_imgproc2411d.lib opencv_legacy2411d.lib opencv_ml2411d.lib opencv_nonfree2411d.lib opencv_objdetect2411d.lib opencv_ocl2411d.lib opencv_photo2411d.lib opencv_stitching2411d.lib opencv_superres2411d.lib opencv_ts2411d.lib opencv_video2411d.lib opencv_videostab2411d.lib kernel32.lib user32.lib gdi32.lib winspool.lib comdlg32.lib advapi32.lib shell32.lib ole32.lib oleaut32.lib uuid.lib odbc32.lib odbccp32.lib /MANIFEST /MANIFESTUAC:"level='asInvoker' uiAccess='false'" /manifest:embed /DEBUG /PDB:"C:\Users\cxl\Documents\Visual Studio 2013\Projects\Image_Quilting\Debug\Image_Quilting.pdb" /SUBSYSTEM:CONSOLE /TLBID:1 /DYNAMICBASE /NXCOMPAT /IMPLIB:"C:\Users\cxl\Documents\Visual Studio 2013\Projects\Image_Quilting\Debug\Image_Quilting.lib" /MACHINE:X86 Debug\Source.obj
         LINK : C:\Users\cxl\Documents\Visual Studio 2013\Projects\Image_Quilting\Debug\Image_Quilting.exe not found or not built by the last incremental link; performing full link
         Image_Quilting.vcxproj -> C:\Users\cxl\Documents\Visual Studio 2013\Projects\Image_Quilting\Debug\Image_Quilting.exe
     1>Done Building Project "C:\Users\cxl\Documents\Visual Studio 2013\Projects\Image_Quilting\Image_Quilting\Image_Quilting.vcxproj" (Build target(s)).

Build succeeded.

Time Elapsed 00:00:03.01
